<?xml version="1.0" encoding="UTF-8"?>
<!-- Generated by org.testng.reporters.JUnitXMLReporter -->
<testsuite hostname="dattu-PC" name="Test" tests="1" failures="1" timestamp="27 Jul 2018 13:04:53 GMT" time="0.564" errors="0">
  <testcase name="openMrsLoginTest" time="0.011" classname="com.dattu.Project.Automations.OpenMrsProject">
    <failure type="java.io.FileNotFoundException" message="C:\Users\dattu\git\repository2\mahesh\Automations\src\main\java\com\dattu\Project\Automations\obejectRepository\config.properties (The system cannot find the path specified)">
      <![CDATA[java.io.FileNotFoundException: C:\Users\dattu\git\repository2\mahesh\Automations\src\main\java\com\dattu\Project\Automations\obejectRepository\config.properties (The system cannot find the path specified)
	at java.io.FileInputStream.open0(Native Method)
	at java.io.FileInputStream.open(Unknown Source)
	at java.io.FileInputStream.<init>(Unknown Source)
	at java.io.FileInputStream.<init>(Unknown Source)
	at com.dattu.Project.Automations.propertiesUtility.<init>(propertiesUtility.java:13)
	at com.dattu.Project.Automations.Pojo.getconfigFile(Pojo.java:18)
	at com.dattu.Project.Automations.OpenMrsProject.openMrsLoginTest(OpenMrsProject.java:13)
... Removed 24 stack frames]]>
    </failure>
  </testcase> <!-- openMrsLoginTest -->
</testsuite> <!-- Test -->
